
====================================================================
Running Queries with Filter500
0--------->--------->--------->--------->--------->--------->--------->--------->--------->---------
ㄴ7/21/2024, 10:59:57 PM ~ 7/21/2024, 11:01:33 PM
   ㄴelapsed       : 95760
   ㄴtotal queries : 10000
   ㄴthruput       : 104.42 ops/sec
   ㄴavg time/query: 9.576 ms
ㄴqueryPlan: Index Scan using shop_pkey on shop  (cost=0.42..443.51 rows=33 width=32) (actual time=0.027..0.266 rows=37 loops=1)
ㄴPlanning Time: 0.095 ms
ㄴExecution Time: 0.285 ms

====================================================================
Running Queries with Filter1000
0--------->--------->--------->--------->--------->--------->--------->--------->--------->---------
ㄴ7/21/2024, 11:01:33 PM ~ 7/21/2024, 11:03:27 PM
   ㄴelapsed       : 113895
   ㄴtotal queries : 10000
   ㄴthruput       : 87.8 ops/sec
   ㄴavg time/query: 11.3895 ms
ㄴqueryPlan: Index Scan using shop_pkey on shop  (cost=0.42..443.51 rows=33 width=32) (actual time=0.038..0.317 rows=31 loops=1)
ㄴPlanning Time: 0.106 ms
ㄴExecution Time: 0.335 ms
