
====================================================================
Running Queries with Filter500
0--------->---------
ㄴ7/20/2024, 9:41:06 PM ~ 7/20/2024, 9:41:24 PM
   ㄴelapsed       : 18167
   ㄴtotal queries : 2000
   ㄴthruput       : 110.08 ops/sec
   ㄴavg time/query: 9.0835 ms
ㄴqueryPlan: Index Scan using shop_pkey on shop  (cost=0.42..2038.55 rows=167 width=32) (actual time=0.039..1.375 rows=148 loops=1)
ㄴPlanning Time: 0.320 ms
ㄴExecution Time: 1.403 ms

====================================================================
Running Queries with Filter1000
0--------->---------
ㄴ7/20/2024, 9:41:24 PM ~ 7/20/2024, 9:41:46 PM
   ㄴelapsed       : 21831
   ㄴtotal queries : 2000
   ㄴthruput       : 91.61 ops/sec
   ㄴavg time/query: 10.9155 ms
ㄴqueryPlan: Index Scan using shop_pkey on shop  (cost=0.42..3742.10 rows=334 width=32) (actual time=0.152..1.637 rows=284 loops=1)
ㄴPlanning Time: 0.391 ms
ㄴExecution Time: 1.661 ms
